<?xml version="1.0" encoding="UTF-8"?>
<!-- Generated by org.testng.reporters.JUnitReportReporter -->
<testsuite skipped="0" hostname="LAPTOP-43MOIMNV" name="com.doggywood.selenium.loginpagetests.PositiveLogInTests" tests="1" failures="0" timestamp="31 Dec 2020 03:00:57 GMT" time="14.268" errors="0">
  <testcase name="logInTest" time="14.268" classname="com.doggywood.selenium.loginpagetests.PositiveLogInTests"/>
</testsuite> <!-- com.doggywood.selenium.loginpagetests.PositiveLogInTests -->
