<?xml version="1.0" encoding="UTF-8"?>
<!-- Generated by org.testng.reporters.JUnitReportReporter -->
<testsuite hostname="Phaedros" name="com.revature.behaviortests.TestRunner" tests="2" failures="0" timestamp="4 Feb 2020 05:36:28 GMT" time="17.082" errors="0">
  <testcase name="feature" time="8.946" classname="com.revature.behaviortests.TestRunner"/>
  <testcase name="feature" time="8.136" classname="com.revature.behaviortests.TestRunner"/>
</testsuite> <!-- com.revature.behaviortests.TestRunner -->
