<?xml version="1.0" encoding="UTF-8"?>
<!-- Generated by org.testng.reporters.JUnitReportReporter -->
<testsuite hostname="Phaedros" name="com.revature.behaviortests.TestRunner" tests="2" failures="0" timestamp="31 Jan 2020 00:58:51 GMT" time="19.850" errors="0">
  <testcase name="feature" time="10.043" classname="com.revature.behaviortests.TestRunner"/>
  <testcase name="feature" time="9.807" classname="com.revature.behaviortests.TestRunner"/>
</testsuite> <!-- com.revature.behaviortests.TestRunner -->
